<?xml version="1.0" encoding="UTF-8"?>
<testsuite xmlns:xsi="http://www.w3.org/2001/XMLSchema-instance" xsi:noNamespaceSchemaLocation="https://maven.apache.org/surefire/maven-surefire-plugin/xsd/surefire-test-report.xsd" name="MyTest" time="0.051" tests="24" errors="0" skipped="0" failures="0">
  <properties>
[...]
</properties>
  <testcase name="testEvaluateHandThreeOfAKind" classname="MyTest" time="0.026"/>
  <testcase name="evaluateGameThree" classname="MyTest" time="0"/>
  <testcase name="testInvalidDealerHandOne" classname="MyTest" time="0"/>
  <testcase name="testInvalidDealerHandTwo" classname="MyTest" time="0"/>
  <testcase name="testAce" classname="MyTest" time="0"/>
  <testcase name="testDefaultValues" classname="MyTest" time="0.002"/>
  <testcase name="testHandlePokerInfoThree" classname="MyTest" time="0.004"/>
  <testcase name="testEvaluateHandPairOne" classname="MyTest" time="0.001"/>
  <testcase name="testEvaluateHandPairTwo" classname="MyTest" time="0"/>
  <testcase name="testEvaluateHandStraightFlush" classname="MyTest" time="0"/>
  <testcase name="testEvaluateHandFlush" classname="MyTest" time="0"/>
  <testcase name="testEvaluateHandStraightFlushTwo" classname="MyTest" time="0.001"/>
  <testcase name="testEvaluateHandStraightOne" classname="MyTest" time="0"/>
  <testcase name="testEvaluateHandStraightTwo" classname="MyTest" time="0.001"/>
  <testcase name="getValidCards" classname="MyTest" time="0"/>
  <testcase name="testAddEvents" classname="MyTest" time="0.001"/>
  <testcase name="testHandler" classname="MyTest" time="0"/>
  <testcase name="testHandlePokerInfoOne" classname="MyTest" time="0.001"/>
  <testcase name="testHandlePokerInfoTwo" classname="MyTest" time="0"/>
  <testcase name="evaluateGameOne" classname="MyTest" time="0.001"/>
  <testcase name="evaluateGameTwo" classname="MyTest" time="0"/>
  <testcase name="evaluateGameFive" classname="MyTest" time="0.001"/>
  <testcase name="evaluateGameFour" classname="MyTest" time="0"/>
  <testcase name="testEvaluateHandPairThree" classname="MyTest" time="0"/>
</testsuite>